<?xml version="1.0" encoding="UTF-8"?>
<testsuites name="jest tests" tests="1" failures="0" errors="0" time="37.109">
  <testsuite name="jupyterlab_unianalytics_dashboard" errors="0" failures="0" skipped="0" timestamp="2023-10-02T15:00:21" time="24.817" tests="1">
    <testcase classname="jupyterlab_unianalytics_dashboard should be tested" name="jupyterlab_unianalytics_dashboard should be tested" time="0.006">
    </testcase>
  </testsuite>
</testsuites>